0 info it worked if it ends with ok
1 verbose cli [ '/usr/local/Cellar/node/0.10.21/bin/node',
1 verbose cli   '/usr/local/bin/npm',
1 verbose cli   'install',
1 verbose cli   'grunt-sphinx',
1 verbose cli   '--save-dev' ]
2 info using npm@1.3.11
3 info using node@v0.10.21
4 verbose cache add [ 'grunt-sphinx', null ]
5 verbose cache add name=undefined spec="grunt-sphinx" args=["grunt-sphinx",null]
6 verbose parsed url { protocol: null,
6 verbose parsed url   slashes: null,
6 verbose parsed url   auth: null,
6 verbose parsed url   host: null,
6 verbose parsed url   port: null,
6 verbose parsed url   hostname: null,
6 verbose parsed url   hash: null,
6 verbose parsed url   search: null,
6 verbose parsed url   query: null,
6 verbose parsed url   pathname: 'grunt-sphinx',
6 verbose parsed url   path: 'grunt-sphinx',
6 verbose parsed url   href: 'grunt-sphinx' }
7 silly lockFile 85c52c6d-grunt-sphinx grunt-sphinx
8 verbose lock grunt-sphinx /Users/bsloane/.npm/85c52c6d-grunt-sphinx.lock
9 silly lockFile 85c52c6d-grunt-sphinx grunt-sphinx
10 silly lockFile 85c52c6d-grunt-sphinx grunt-sphinx
11 verbose addNamed [ 'grunt-sphinx', '' ]
12 verbose addNamed [ null, '*' ]
13 silly lockFile b03c014e-grunt-sphinx grunt-sphinx@
14 verbose lock grunt-sphinx@ /Users/bsloane/.npm/b03c014e-grunt-sphinx.lock
15 silly addNameRange { name: 'grunt-sphinx', range: '*', hasData: false }
16 verbose url raw grunt-sphinx
17 verbose url resolving [ 'https://registry.npmjs.org/', './grunt-sphinx' ]
18 verbose url resolved https://registry.npmjs.org/grunt-sphinx
19 info trying registry request attempt 1 at 11:02:22
20 http GET https://registry.npmjs.org/grunt-sphinx
21 http 404 https://registry.npmjs.org/grunt-sphinx
22 silly registry.get cb [ 404,
22 silly registry.get   { date: 'Fri, 17 Jan 2014 16:02:22 GMT',
22 silly registry.get     server: 'CouchDB/1.5.0 (Erlang OTP/R15B03)',
22 silly registry.get     'content-type': 'application/json',
22 silly registry.get     'cache-control': 'max-age=0',
22 silly registry.get     'content-length': '52',
22 silly registry.get     'accept-ranges': 'bytes',
22 silly registry.get     via: '1.1 varnish',
22 silly registry.get     age: '0',
22 silly registry.get     'x-served-by': 'cache-jfk1022-JFK',
22 silly registry.get     'x-cache': 'MISS',
22 silly registry.get     'x-cache-hits': '0',
22 silly registry.get     'x-timer': 'S1389974542.717049122,VS0,VE51',
22 silly registry.get     'keep-alive': 'timeout=10, max=50',
22 silly registry.get     connection: 'Keep-Alive' } ]
23 silly lockFile b03c014e-grunt-sphinx grunt-sphinx@
24 silly lockFile b03c014e-grunt-sphinx grunt-sphinx@
25 error 404 'grunt-sphinx' is not in the npm registry.
25 error 404 You should bug the author to publish it
25 error 404
25 error 404 Note that you can also install from a
25 error 404 tarball, folder, or http url, or git url.
26 error System Darwin 13.0.0
27 error command "/usr/local/Cellar/node/0.10.21/bin/node" "/usr/local/bin/npm" "install" "grunt-sphinx" "--save-dev"
28 error cwd /Users/bsloane/Workspace/importapiv2
29 error node -v v0.10.21
30 error npm -v 1.3.11
31 error code E404
32 verbose exit [ 1, true ]
